-------------------------------------------------------------------------------
Test set: Parcial1Tests
-------------------------------------------------------------------------------
Tests run: 9, Failures: 0, Errors: 1, Skipped: 0, Time elapsed: 0.053 s <<< FAILURE! - in Parcial1Tests
el_var_obtiene_solo_tarjetas_de_un_equipo_parcial_ejercicio_ejemplo_08(Parcial1Tests)  Time elapsed: 0.004 s  <<< ERROR!
java.lang.Error: 
Unresolved compilation problems: 
	The constructor TarjetaRoja(IJugador) is undefined
	The constructor TarjetaAmarilla(IJugador) is undefined
	The constructor TarjetaAmarilla(IJugador) is undefined
	The method cantidadTarjetas(Equipo) is undefined for the type Var
	The method cantidadTarjetas(Equipo) is undefined for the type Var

	at Parcial1Tests.el_var_obtiene_solo_tarjetas_de_un_equipo_parcial_ejercicio_ejemplo_08(Parcial1Tests.java:318)

