<?xml version="1.0" encoding="UTF-8"?>
<testsuite xmlns:xsi="http://www.w3.org/2001/XMLSchema-instance" xsi:noNamespaceSchemaLocation="https://maven.apache.org/surefire/maven-surefire-plugin/xsd/surefire-test-report.xsd" name="Parcial1Tests" time="0.053" tests="9" errors="1" skipped="0" failures="0">
  <properties>
[...]
</properties>
  <testcase name="el_var_obtiene_solo_tarjetas_de_un_equipo_parcial_ejercicio_ejemplo_08" classname="Parcial1Tests" time="0.004">
    <error message="Unresolved compilation problems: &#10;	The constructor TarjetaRoja(IJugador) is undefined&#10;	The constructor TarjetaAmarilla(IJugador) is undefined&#10;	The constructor TarjetaAmarilla(IJugador) is undefined&#10;	The method cantidadTarjetas(Equipo) is undefined for the type Var&#10;	The method cantidadTarjetas(Equipo) is undefined for the type Var&#10;" type="java.lang.Error">java.lang.Error: 
Unresolved compilation problems: 
	The constructor TarjetaRoja(IJugador) is undefined
	The constructor TarjetaAmarilla(IJugador) is undefined
	The constructor TarjetaAmarilla(IJugador) is undefined
	The method cantidadTarjetas(Equipo) is undefined for the type Var
	The method cantidadTarjetas(Equipo) is undefined for the type Var

	at Parcial1Tests.el_var_obtiene_solo_tarjetas_de_un_equipo_parcial_ejercicio_ejemplo_08(Parcial1Tests.java:318)
</error>
  </testcase>
  <testcase name="estadio_se_debe_crear_en_una_ubicacion_parcial_ejercicio_ejemplo_05" classname="Parcial1Tests" time="0"/>
  <testcase name="el_var_obtiene_solo_tarjetas_amarillas_del_partido_parcial_ejercicio_ejemplo_07" classname="Parcial1Tests" time="0.013"/>
  <testcase name="torneo_sacar_tarjeta_roja_a_un_jugador_en_un_partido_parcial_ejercicio_ejemplo_04" classname="Parcial1Tests" time="0"/>
  <testcase name="torneo_agregar_partidos_parcial_ejercicio_ejemplo_02" classname="Parcial1Tests" time="0.001"/>
  <testcase name="torneo_agregar_equipos_parcial_ejercicio_ejemplo_01" classname="Parcial1Tests" time="0"/>
  <testcase name="un_partido_debe_disputarse_en_un_estadio_en_una_fecha_parcial_ejercicio_ejemplo_06" classname="Parcial1Tests" time="0"/>
  <testcase name="tarjeta_roja_y_amarilla_parcial_ejercicio_ejemplo_07" classname="Parcial1Tests" time="0"/>
  <testcase name="equipo_plantel_parcial_ejercicio_ejemplo_09" classname="Parcial1Tests" time="0"/>
</testsuite>