<?xml version="1.0" encoding="UTF-8"?>
<testsuite xmlns:xsi="http://www.w3.org/2001/XMLSchema-instance" xsi:noNamespaceSchemaLocation="https://maven.apache.org/surefire/maven-surefire-plugin/xsd/surefire-test-report.xsd" name="Parcial1Tests" time="0.044" tests="8" errors="0" skipped="0" failures="0">
  <properties>
[...]
</properties>
  <testcase name="estadio_se_debe_crear_en_una_ubicacion_parcial_ejercicio_ejemplo_05" classname="Parcial1Tests" time="0.009"/>
  <testcase name="el_var_obtiene_solo_tarjetas_amarillas_del_partido_parcial_ejercicio_ejemplo_07" classname="Parcial1Tests" time="0.004"/>
  <testcase name="torneo_sacar_tarjeta_roja_a_un_jugador_en_un_partido_parcial_ejercicio_ejemplo_04" classname="Parcial1Tests" time="0"/>
  <testcase name="torneo_agregar_partidos_parcial_ejercicio_ejemplo_02" classname="Parcial1Tests" time="0.002"/>
  <testcase name="torneo_agregar_equipos_parcial_ejercicio_ejemplo_01" classname="Parcial1Tests" time="0"/>
  <testcase name="un_partido_debe_disputarse_en_un_estadio_en_una_fecha_parcial_ejercicio_ejemplo_06" classname="Parcial1Tests" time="0"/>
  <testcase name="tarjeta_roja_y_amarilla_parcial_ejercicio_ejemplo_07" classname="Parcial1Tests" time="0"/>
  <testcase name="equipo_plantel_parcial_ejercicio_ejemplo_09" classname="Parcial1Tests" time="0.001"/>
</testsuite>